C51 COMPILER V9.00   MAIN                                                                  05/23/2017 15:41:24 PAGE 1   


C51 COMPILER V9.00, COMPILATION OF MODULE MAIN
OBJECT MODULE PLACED IN main.OBJ
COMPILER INVOKED BY: C:\Keil\C51\BIN\C51.EXE main.c BROWSE DEBUG OBJECTEXTEND

line level    source

   1          #include<reg52.h>
   2          #include<intrins.h>
   3          typedef unsigned int uint;
   4          typedef unsigned char uchar;
   5          void delayms(uint);
   6          uint aa;
   7          uint i=0;
   8          sbit k1=P3^1;
   9          sbit k3=P3^3;
  10          void delay(uint j)
  11          {
  12   1      while(j--);
  13   1      }
  14          void keypros2()
  15          {
  16   1      if(k3==0)
  17   1              {
  18   2                      delay(1000);
  19   2                      if(k3==0)
  20   2                      {
  21   3                      i=!i;
  22   3                      }
  23   2                      while(k3==1);
  24   2                      }       
  25   1      }
  26          void keypros1()
  27          {
  28   1              if(k1==0)
  29   1              {
  30   2                      delay(1000);
  31   2                      if(k1==0)
  32   2                      {
  33   3                      i=!i;
  34   3                      }
  35   2                      while(k1==0);
  36   2              }
  37   1      }
  38          void main()
  39          {
  40   1              aa=1;
  41   1              while(1)
  42   1              {
  43   2              keypros1();
  44   2              keypros2();     
  45   2              while(i)
  46   2              {
  47   3                      P2=~aa;
  48   3                      delayms(500);
  49   3                      aa=aa*2;
  50   3                      if (aa>128)
  51   3                      aa=1;
  52   3                      
  53   3              }
  54   2              }
  55   1              
C51 COMPILER V9.00   MAIN                                                                  05/23/2017 15:41:24 PAGE 2   

  56   1      }
  57          void delayms(uint xms)
  58          {
  59   1              uint i,j;
  60   1              for(i=xms;i>0;i--)
  61   1                      for(j=110;j>0;j--)
  62   1                      keypros1();
  63   1                      keypros2();
  64   1      
  65   1      }


MODULE INFORMATION:   STATIC OVERLAYABLE
   CODE SIZE        =    182    ----
   CONSTANT SIZE    =   ----    ----
   XDATA SIZE       =   ----    ----
   PDATA SIZE       =   ----    ----
   DATA SIZE        =      4    ----
   IDATA SIZE       =   ----    ----
   BIT SIZE         =   ----    ----
END OF MODULE INFORMATION.


C51 COMPILATION COMPLETE.  0 WARNING(S),  0 ERROR(S)
