C51 COMPILER V9.00   MAIN                                                                  05/23/2017 23:06:55 PAGE 1   


C51 COMPILER V9.00, COMPILATION OF MODULE MAIN
OBJECT MODULE PLACED IN main.OBJ
COMPILER INVOKED BY: C:\Keil\C51\BIN\C51.EXE main.c BROWSE DEBUG OBJECTEXTEND

line level    source

   1          #include<reg52.h>
   2          typedef unsigned int u16;
   3          typedef unsigned char u8;
   4          
   5          void UsartInit()
   6          {
   7   1              SCON=0X50;                      //设置为工作方式1
   8   1              TMOD=0X20;                      //设置计数器工作方式2
   9   1              PCON=0X80;                      //波特率加倍
  10   1              TH1=0XF3;                               //计数器初始值设置，注意波特率是4800的
  11   1              TL1=0XF3;
  12   1              ES=1;                                           //打开接收中断
  13   1              EA=1;                                           //打开总中断
  14   1              TR1=1;
  15   1      }
  16          void main()
  17          {
  18   1      UsartInit();
  19   1      while(1);
  20   1      
  21   1      }
  22          void Usart() interrupt   4
  23          {
  24   1              u8 receiveData;
  25   1              receiveData=SBUF;
  26   1              RI=0;
  27   1              SBUF=receiveData;
  28   1              while(!TI);
  29   1              TI=0;
  30   1      
  31   1      }


MODULE INFORMATION:   STATIC OVERLAYABLE
   CODE SIZE        =     50    ----
   CONSTANT SIZE    =   ----    ----
   XDATA SIZE       =   ----    ----
   PDATA SIZE       =   ----    ----
   DATA SIZE        =   ----    ----
   IDATA SIZE       =   ----    ----
   BIT SIZE         =   ----    ----
END OF MODULE INFORMATION.


C51 COMPILATION COMPLETE.  0 WARNING(S),  0 ERROR(S)
