C51 COMPILER V9.00   MAIN                                                                  05/14/2017 00:33:06 PAGE 1   


C51 COMPILER V9.00, COMPILATION OF MODULE MAIN
OBJECT MODULE PLACED IN main.OBJ
COMPILER INVOKED BY: C:\Keil\C51\BIN\C51.EXE main.c BROWSE DEBUG OBJECTEXTEND

line level    source

   1          #include<reg52.h>
   2          typedef unsigned int uint;
   3          sbit led1=P2^0;
   4          sbit led2=P2^1;
   5          sbit led3=P2^2;
   6          sbit led4=P2^3;
   7          void delay(uint i)
   8          {
   9   1              while(i--);
  10   1      }
  11          void Keydown()
  12          {
  13   1      P1=0x0f;
  14   1      if(P1!=0x0f)
  15   1      {
  16   2              delay(100);
  17   2              if(P1!=0x0f)
  18   2              {
  19   3                      switch(P1)
  20   3                      {
  21   4                              case(0x07):led1=~led1;break;
  22   4                              case(0x0b):led2=~led2;break;
  23   4                              case(0x0d):led3=~led3;break;
  24   4                              case(0x0e):led4=~led4;break;
  25   4                      }
  26   3              }
  27   2              while(P1!=0x0f)
  28   2      
  29   2      }
*** ERROR C141 IN LINE 29 OF MAIN.C: syntax error near '}'
  30   1      }
  31          void main ()
  32          {
  33   1              while(1)
  34   1              {
  35   2              keydown();
  36   2               }
  37   1      }

C51 COMPILATION COMPLETE.  0 WARNING(S),  1 ERROR(S)
