C51 COMPILER V9.00   MAIN                                                                  05/09/2017 01:45:33 PAGE 1   


C51 COMPILER V9.00, COMPILATION OF MODULE MAIN
OBJECT MODULE PLACED IN main.OBJ
COMPILER INVOKED BY: C:\Keil\C51\BIN\C51.EXE main.c BROWSE DEBUG OBJECTEXTEND

line level    source

   1          #include<reg52.h>
   2          typedef unsigned char u8;
   3          typedef unsigned int u16;
   4          sbit LSA=P2^2;
   5          sbit LSB=P2^3 ;
   6          sbit LSC=P2^4  ;
   7          
   8          u8 code smgduan[]={0x3f,0x06,0x5b,0x4f,0x66,0x6d,0x7d,0x07,
   9                                                  0x7f,0x6f,0x77,0x7c,0x39,0x5e,0x79,0x71};
  10          void main()
  11          {
  12   1      LSA=1;
  13   1      LSB=0;   
  14   1      LSC=0;     
  15   1      P0=smgduan[0] ;
  16   1      while(1);
  17   1      }


MODULE INFORMATION:   STATIC OVERLAYABLE
   CODE SIZE        =     15    ----
   CONSTANT SIZE    =     16    ----
   XDATA SIZE       =   ----    ----
   PDATA SIZE       =   ----    ----
   DATA SIZE        =   ----    ----
   IDATA SIZE       =   ----    ----
   BIT SIZE         =   ----    ----
END OF MODULE INFORMATION.


C51 COMPILATION COMPLETE.  0 WARNING(S),  0 ERROR(S)
