C51 COMPILER V9.00   MAIN                                                                  12/09/2017 01:35:22 PAGE 1   


C51 COMPILER V9.00, COMPILATION OF MODULE MAIN
OBJECT MODULE PLACED IN main.OBJ
COMPILER INVOKED BY: C:\Keil\C51\BIN\C51.EXE main.c BROWSE DEBUG OBJECTEXTEND

line level    source

   1          #include<reg52.h>
   2          #define uint unsigned int 
   3          #define uchar unsigned char 
   4          #define DATE_IO P0
   5          sbit RS=P2^6;
   6          sbit E=P2^7;
   7          sbit RW=P2^5;
   8          
   9          uchar code table[]="00:00";
  10          uchar code table1[]="0123456789";
  11          
  12          void delay_us(unsigned int n) //延时 如果需要高精度延时 请嵌入汇编
  13          { 
  14   1              if (n == 0) 
  15   1              {  
  16   2                      return ;  
  17   2              } 
  18   1              while (--n);
  19   1      }
  20           /*延时函数*/
  21          void delay_ms(uint i) 
  22          { 
  23   1              unsigned char a, b; 
  24   1              for (a = 1; a < i; a++) 
  25   1              {
  26   2                      for (b = 1; b; b++) 
  27   2                      {   
  28   3                              ;   
  29   3                      } 
  30   2          }
  31   1      }
  32          void delay(uint z)
  33          {
  34   1              uint x,y;
  35   1              for(x=110;x>0;x--)
  36   1                      for(y=z;y>0;y--);
  37   1      }
  38          void write_come(uchar come)
  39          {
  40   1              RS=0;
  41   1              E=1;
  42   1              DATE_IO=come;
  43   1              delay_us(5);
  44   1              E=0;
  45   1              RS=1;
  46   1      }               
  47          void write_date(uchar date)
  48          {
  49   1              RS=1;
  50   1              E=1;
  51   1              DATE_IO=date;
  52   1              delay_us(5);
  53   1              E=0;
  54   1              RS=0;
  55   1      }               
C51 COMPILER V9.00   MAIN                                                                  12/09/2017 01:35:22 PAGE 2   

  56          void init()//这个是初始化函数 你自己理解一下其实差不多是一样的 
  57          {
  58   1              RW=0;
  59   1              E=0;
  60   1              write_come(0x38);
  61   1              delay_ms(5);
  62   1              write_come(0x08);
  63   1              delay_ms(5);
  64   1              write_come(0x01);
  65   1              delay_ms(5);
  66   1              write_come(0x06);
  67   1              
  68   1              write_come(0x0c);
  69   1              delay_ms(5);
  70   1      }
  71          void init_time()
  72          {
  73   1              uchar i;
  74   1              for(i=0;i<5;i++)
  75   1              {
  76   2                      write_come(0x80+i);
  77   2                      write_date(table[i]);
  78   2              }
  79   1      }
  80          void main()
  81          {
  82   1              uchar miao,fen,miaoge,miaoshi,fenshi,fenge;
  83   1              init();
  84   1              init_time();
  85   1              while(1)
  86   1              {
  87   2                      miaoge=miao%10;
  88   2                      miaoshi=miao/10;
  89   2                      
  90   2                      write_come(0x80);
  91   2                      write_date(table1[fenshi]);
  92   2                      write_date(table1[fenge]);
  93   2                      write_date(table[2]);
  94   2                      write_date(table1[miaoshi]);    
  95   2                      write_date(table1[miaoge]);     
  96   2                      miao++;
  97   2                      if(miao==60)
  98   2                      {
  99   3                              miao=0;
 100   3                              fen++;
 101   3                              fenge=fen%10;
 102   3                              fenshi=fen/10;
 103   3                              if(fen==60)
 104   3                                      fen=0;
 105   3                      }
 106   2                      delay(1000);
 107   2                      
 108   2              }       
 109   1      }


MODULE INFORMATION:   STATIC OVERLAYABLE
   CODE SIZE        =    273    ----
   CONSTANT SIZE    =     17    ----
   XDATA SIZE       =   ----    ----
   PDATA SIZE       =   ----    ----
   DATA SIZE        =   ----       4
C51 COMPILER V9.00   MAIN                                                                  12/09/2017 01:35:22 PAGE 3   

   IDATA SIZE       =   ----    ----
   BIT SIZE         =   ----    ----
END OF MODULE INFORMATION.


C51 COMPILATION COMPLETE.  0 WARNING(S),  0 ERROR(S)
