C51 COMPILER V9.00   MAIN                                                                  05/26/2017 13:13:51 PAGE 1   


C51 COMPILER V9.00, COMPILATION OF MODULE MAIN
OBJECT MODULE PLACED IN main.OBJ
COMPILER INVOKED BY: C:\Keil\C51\BIN\C51.EXE main.c BROWSE DEBUG OBJECTEXTEND

line level    source

   1          #include<reg52.h>
   2          #include<intrins.h>
   3          typedef unsigned int uint;
   4          sbit a=P1^1;
   5          sbit b=P1^0;
   6          void delay(uint i)
   7          {
   8   1              uint j;
   9   1              for(i;i>0;i--)          
  10   1                      for(j=10;j>0;j--);
  11   1      }
  12          void delay2ms(void)   //Îó²î 0us
  13          {
  14   1          unsigned char a,b;
  15   1          for(b=4;b>0;b--)
  16   1              for(a=248;a>0;a--);
  17   1          _nop_();  //if Keil,require use intrins.h
  18   1      }
  19          
  20          
  21          
  22          void main()
  23          {uint d;
  24   1      b=0;
  25   1      d=0;if(b=1)
*** WARNING C276 IN LINE 25 OF MAIN.C: constant in condition expression
  26   1      d=1;
  27   1      while(d)
  28   1      {
  29   2      uint j;
  30   2      
  31   2      uint i;
  32   2      for(i;i<26;i++)
  33   2      {
  34   3      j=50;
  35   3      
  36   3      while(j--)
  37   3      {
  38   4      a=0;
  39   4      delay2ms();
  40   4      a=1;
  41   4      delay(i);
  42   4      }
  43   3      }
  44   2      for(i;i>5;i--)
  45   2      {
  46   3      j=50;
  47   3      while(j--)
  48   3      {
  49   4      a=0;
  50   4      delay2ms();
  51   4      a=1;
  52   4      delay(i);
  53   4      }
  54   3      }
C51 COMPILER V9.00   MAIN                                                                  05/26/2017 13:13:51 PAGE 2   

  55   2      
  56   2      
  57   2      
  58   2      }
  59   1      
  60   1      }


MODULE INFORMATION:   STATIC OVERLAYABLE
   CODE SIZE        =    155    ----
   CONSTANT SIZE    =   ----    ----
   XDATA SIZE       =   ----    ----
   PDATA SIZE       =   ----    ----
   DATA SIZE        =   ----       4
   IDATA SIZE       =   ----    ----
   BIT SIZE         =   ----    ----
END OF MODULE INFORMATION.


C51 COMPILATION COMPLETE.  1 WARNING(S),  0 ERROR(S)
