C51 COMPILER V9.00   MAIN                                                                  05/21/2017 18:19:21 PAGE 1   


C51 COMPILER V9.00, COMPILATION OF MODULE MAIN
OBJECT MODULE PLACED IN main.OBJ
COMPILER INVOKED BY: C:\Keil\C51\BIN\C51.EXE main.c BROWSE DEBUG OBJECTEXTEND

line level    source

   1          #include<reg52.h>
   2          typedef unsigned int uint;
   3          sbit led = P2^0;
   4          sbit k1=P3^1;
   5          void delay(uint i)
   6          {
   7   1              while(i--);
   8   1      }
   9          void keypros()
  10          {
  11   1              if (k1==0)
  12   1                      {
  13   2                      delay (5000);
  14   2                              if (k1==0)
  15   2                                      {
  16   3                                      led=~led;
  17   3                                      while (k1==0);
  18   3                                      }
  19   2                                      
  20   2                      
  21   2                      }
  22   1      }
  23          void main()
  24          {
  25   1              while(1)
  26   1              {
  27   2              keypros();
  28   2      
  29   2              }
  30   1      }


MODULE INFORMATION:   STATIC OVERLAYABLE
   CODE SIZE        =     35    ----
   CONSTANT SIZE    =   ----    ----
   XDATA SIZE       =   ----    ----
   PDATA SIZE       =   ----    ----
   DATA SIZE        =   ----    ----
   IDATA SIZE       =   ----    ----
   BIT SIZE         =   ----    ----
END OF MODULE INFORMATION.


C51 COMPILATION COMPLETE.  0 WARNING(S),  0 ERROR(S)
