C51 COMPILER V9.00   MAIN                                                                  05/09/2017 22:29:07 PAGE 1   


C51 COMPILER V9.00, COMPILATION OF MODULE MAIN
OBJECT MODULE PLACED IN main.OBJ
COMPILER INVOKED BY: C:\Keil\C51\BIN\C51.EXE main.c BROWSE DEBUG OBJECTEXTEND

line level    source

   1          #include<reg52.h>
   2          typedef unsigned int uint;
   3          typedef unsigned char uchar;
   4          sbit LSA=P2^2;
   5          sbit LSB=P2^3;
   6          sbit LSC=P2^4;
   7          uint num[]={0,0,0,0,0,0,0,0,0};
   8          uchar code smgduan[]={0x3f,0x06,0x5b,0x4f,0x66,0x6d,0x7d,0x07,
   9                                                    0x7f,0x6f,0x77,0x7c,0x39,0x5e,0x79,0x71};
  10          i=1;
  11          void p(uchar i)
  12          {
  13   1      
  14   1      if(num[i]<9)
  15   1                      {
  16   2                      num[i]++;
  17   2                      }
  18   1              else
  19   1                      {
  20   2                      num[i]=0;
  21   2                      p(i+1);
*** WARNING C265 IN LINE 21 OF MAIN.C: '_p': recursive call to non-reentrant function
  22   2                      }
  23   1      }
  24          void digdisplay(uint i , uint j )
  25          {       uint k;k=100;
  26   1              switch(i)
  27   1              {
  28   2                      case(0): LSA=0;LSB=0;LSC=0;break;
  29   2                      case(1): LSA=1;LSB=0;LSC=0;break;
  30   2                      case(2): LSA=0;LSB=1;LSC=0;break;
  31   2                      case(3): LSA=1;LSB=1;LSC=0;break;
  32   2                      case(4): LSA=0;LSB=0;LSC=1;break;
  33   2                      case(5): LSA=1;LSB=0;LSC=1;break;
  34   2                      case(6): LSA=0;LSB=1;LSC=1;break;               
  35   2                      case(7): LSA=1;LSB=1;LSC=1;break;
  36   2              }
  37   1              P0=smgduan[j];
  38   1              for(k;k>0;k--);
  39   1              P0=0x00;
  40   1      }
  41          void delay(uint i)
  42          {
  43   1      for(i;i>0;i--)
  44   1              {
  45   2                      digdisplay(7,num[8]);
  46   2                      digdisplay(6,num[7]);
  47   2                      digdisplay(5,num[6]);
  48   2                      digdisplay(4,num[5]);
  49   2                      digdisplay(3,num[4]);
  50   2                      digdisplay(2,num[3]);
  51   2                      digdisplay(1,num[2]);
  52   2                      digdisplay(0,num[1]);   
  53   2              }
  54   1      }
C51 COMPILER V9.00   MAIN                                                                  05/09/2017 22:29:07 PAGE 2   

  55          void main()
  56          {
  57   1              while(1)
  58   1              { 
  59   2              delay(10);
  60   2              p(1);
  61   2              }
  62   1      
  63   1      }


MODULE INFORMATION:   STATIC OVERLAYABLE
   CODE SIZE        =    273    ----
   CONSTANT SIZE    =     16    ----
   XDATA SIZE       =   ----    ----
   PDATA SIZE       =   ----    ----
   DATA SIZE        =     20       2
   IDATA SIZE       =   ----    ----
   BIT SIZE         =   ----    ----
END OF MODULE INFORMATION.


C51 COMPILATION COMPLETE.  1 WARNING(S),  0 ERROR(S)
