C51 COMPILER V9.00   MAIN                                                                  05/10/2017 20:57:48 PAGE 1   


C51 COMPILER V9.00, COMPILATION OF MODULE MAIN
OBJECT MODULE PLACED IN main.OBJ
COMPILER INVOKED BY: C:\Keil\C51\BIN\C51.EXE main.c BROWSE DEBUG OBJECTEXTEND

line level    source

   1          #include<reg52.h>
   2          typedef unsigned int uint;
   3          typedef unsigned char uchar;
   4          sbit LSA=P2^2;
   5          sbit LSB=P2^3;
   6          sbit LSC=P2^4;
   7          uint num[]={0,0,0,0,0,0,0,0,0};
   8          uchar code smgduan[]={0x3f,0x06,0x5b,0x4f,0x66,0x6d,0x7d,0x07,
   9                                                    0x7f,0x6f,0x77,0x7c,0x39,0x5e,0x79,0x71};
  10          i=1;
  11          void p(uchar i)
  12          {
  13   1      
  14   1      if(num[i]<9)
  15   1                      {
  16   2                      num[i]++;
  17   2                      }
  18   1              else
  19   1                      {
  20   2                      num[i]=0;
  21   2                      p(i+1);
*** WARNING C265 IN LINE 21 OF MAIN.C: '_p': recursive call to non-reentrant function
  22   2                      }
  23   1      }
  24          void digdisplay(uint i , uint j )
  25          {       uint k;k=1;
  26   1              switch(i)
  27   1              {
  28   2                      case(0): LSA=0;LSB=0;LSC=0;break;
  29   2                      case(1): LSA=1;LSB=0;LSC=0;break;
  30   2                      case(2): LSA=0;LSB=1;LSC=0;break;
  31   2                      case(3): LSA=1;LSB=1;LSC=0;break;
  32   2                      case(4): LSA=0;LSB=0;LSC=1;break;
  33   2                      case(5): LSA=1;LSB=0;LSC=1;break;
  34   2                      case(6): LSA=0;LSB=1;LSC=1;break;               
  35   2                      case(7): LSA=1;LSB=1;LSC=1;break;
  36   2              }
  37   1              P0=smgduan[j];
  38   1              for(k;k>0;k--);
  39   1              P0=0x00;
  40   1      }
  41          void delay(uint i)
  42          {
  43   1      for(i;i>0;i--)
  44   1              {
  45   2                      digdisplay(7,num[8]);
  46   2                      digdisplay(6,num[7]);
  47   2                      digdisplay(5,num[6]);
  48   2                      digdisplay(4,num[5]);
  49   2                      digdisplay(3,num[4]);
  50   2                      digdisplay(2,num[3]);
  51   2                      digdisplay(1,num[2]);
  52   2                      digdisplay(0,num[1]);   
  53   2              }
  54   1      }
C51 COMPILER V9.00   MAIN                                                                  05/10/2017 20:57:48 PAGE 2   

  55          void main()
  56          {
  57   1              while(1)
  58   1              { 
  59   2              delay(1);
  60   2              if(num[1]<9)
  61   2                      {
  62   3                      num[1]++;
  63   3                      }
  64   2              else
  65   2                      {
  66   3                      num[1]=0;
  67   3                      if(num[2]<5)
  68   3                      {
  69   4                      num[2]++;
  70   4                      }
  71   3                      else
  72   3                      {
  73   4                      num[2]=0;
  74   4                      if(num[3]<9)
  75   4                      {
  76   5                      num[3]++;
  77   5                      }
  78   4                      else
  79   4                      {
  80   5                      num[3]=0;
  81   5                      if(num[4]<5)
  82   5                      {
  83   6                      num[4]++;
  84   6                      }
  85   5                      else
  86   5                      {
  87   6                      num[4]=0;
  88   6                      if(num[5]<9)
  89   6                      {
  90   7                      num[5]++;
  91   7                      if((num[6]==2) &&( num[5]==4))
  92   7                      {
  93   8                      num[5]=0;num[6]=0;
  94   8                      }
  95   7                      }
  96   6                      else
  97   6                      {
  98   7                      num[5]=0;
  99   7                      num[6]++;
 100   7                      }
 101   6                      }
 102   5                      }
 103   4                      }
 104   3                      }
 105   2      }
 106   1      }


MODULE INFORMATION:   STATIC OVERLAYABLE
   CODE SIZE        =    438    ----
   CONSTANT SIZE    =     16    ----
   XDATA SIZE       =   ----    ----
   PDATA SIZE       =   ----    ----
   DATA SIZE        =     20       2
   IDATA SIZE       =   ----    ----
   BIT SIZE         =   ----    ----
C51 COMPILER V9.00   MAIN                                                                  05/10/2017 20:57:48 PAGE 3   

END OF MODULE INFORMATION.


C51 COMPILATION COMPLETE.  1 WARNING(S),  0 ERROR(S)
